[debug] [2025-11-18T21:12:47.142Z] ----------------------------------------------------------------------
[debug] [2025-11-18T21:12:47.148Z] Command:       C:\Program Files\nodejs\node.exe C:\Users\acfur\npm-global\node_modules\firebase-tools\lib\bin\firebase.js init
[debug] [2025-11-18T21:12:47.149Z] CLI Version:   14.25.0
[debug] [2025-11-18T21:12:47.149Z] Platform:      win32
[debug] [2025-11-18T21:12:47.149Z] Node Version:  v22.14.0
[debug] [2025-11-18T21:12:47.150Z] Time:          Tue Nov 18 2025 18:12:47 GMT-0300 (Horário Padrão de Brasília)
[debug] [2025-11-18T21:12:47.150Z] ----------------------------------------------------------------------
[debug] 
[debug] [2025-11-18T21:12:47.154Z] >>> [apiv2][query] GET https://firebase-public.firebaseio.com/cli.json [none]
[info] 
     ######## #### ########  ######## ########     ###     ######  ########
     ##        ##  ##     ## ##       ##     ##  ##   ##  ##       ##
     ######    ##  ########  ######   ########  #########  ######  ######
     ##        ##  ##    ##  ##       ##     ## ##     ##       ## ##
     ##       #### ##     ## ######## ########  ##     ##  ######  ########

You're about to initialize a Firebase project in this directory:

  C:\Users\acfur\Desktop\teste\Climavane\firebase-clima

[debug] [2025-11-18T21:12:47.670Z] <<< [apiv2][status] GET https://firebase-public.firebaseio.com/cli.json 200
[debug] [2025-11-18T21:12:47.671Z] <<< [apiv2][body] GET https://firebase-public.firebaseio.com/cli.json {"cloudBuildErrorAfter":1594252800000,"cloudBuildWarnAfter":1590019200000,"defaultNode10After":1594252800000,"minVersion":"3.0.5","node8DeploysDisabledAfter":1613390400000,"node8RuntimeDisabledAfter":1615809600000,"node8WarnAfter":1600128000000}
[info] 
=== Project Setup
[info] 
[info] First, let's associate this project directory with a Firebase project.
[info] You can create multiple project aliases by running firebase use --add, 
[info] 
[debug] [2025-11-18T21:14:10.157Z] > command requires scopes: ["email","openid","https://www.googleapis.com/auth/cloudplatformprojects.readonly","https://www.googleapis.com/auth/firebase","https://www.googleapis.com/auth/cloud-platform"]
[debug] [2025-11-18T21:14:10.158Z] > authorizing via signed-in user (fernandofc9240@gmail.com)
[debug] [2025-11-18T21:14:10.160Z] Checked if tokens are valid: false, expires at: 1748005501779
[debug] [2025-11-18T21:14:10.161Z] Checked if tokens are valid: false, expires at: 1748005501779
[debug] [2025-11-18T21:14:10.161Z] > refreshing access token with scopes: []
[debug] [2025-11-18T21:14:10.163Z] >>> [apiv2][query] POST https://www.googleapis.com/oauth2/v3/token [none]
[debug] [2025-11-18T21:14:10.163Z] >>> [apiv2][body] POST https://www.googleapis.com/oauth2/v3/token [omitted]
[debug] [2025-11-18T21:14:10.446Z] <<< [apiv2][status] POST https://www.googleapis.com/oauth2/v3/token 200
[debug] [2025-11-18T21:14:10.446Z] <<< [apiv2][body] POST https://www.googleapis.com/oauth2/v3/token [omitted]
[debug] [2025-11-18T21:14:10.466Z] >>> [apiv2][query] GET https://firebase.googleapis.com/v1beta1/projects pageSize=100
[debug] [2025-11-18T21:14:11.508Z] <<< [apiv2][status] GET https://firebase.googleapis.com/v1beta1/projects 200
[debug] [2025-11-18T21:14:11.508Z] <<< [apiv2][body] GET https://firebase.googleapis.com/v1beta1/projects [omitted]
[info] 
=== Hosting Setup
[debug] [2025-11-18T21:14:15.522Z] Checked if tokens are valid: true, expires at: 1763504049446
[debug] [2025-11-18T21:14:15.522Z] Checked if tokens are valid: true, expires at: 1763504049446
[debug] [2025-11-18T21:14:15.522Z] >>> [apiv2][query] GET https://firebase.googleapis.com/v1beta1/projects/puclima [none]
[debug] [2025-11-18T21:14:15.851Z] <<< [apiv2][status] GET https://firebase.googleapis.com/v1beta1/projects/puclima 200
[debug] [2025-11-18T21:14:15.852Z] <<< [apiv2][body] GET https://firebase.googleapis.com/v1beta1/projects/puclima {"projectId":"puclima","projectNumber":"790645096867","displayName":"Puclima","name":"projects/puclima","resources":{"hostingSite":"puclima","realtimeDatabaseInstance":"puclima-default-rtdb"},"state":"ACTIVE","etag":"1_7c09e91e-feba-44a6-aa2e-a5d1bf123faf"}
[info] 
[info] Your public directory is the folder (relative to your project directory) that
[info] will contain Hosting assets to be uploaded with firebase deploy. If you
[info] have a build process for your assets, use your build's output directory.
[info] 
[info] 
[info] i  Detected a .git folder at C:\Users\acfur\Desktop\teste\Climavane 
[info] i  Authorizing with GitHub to upload your service account to a GitHub repository's secrets store. 
[info] 
[info] Visit this URL on this device to log in:
[info] https://github.com/login/oauth/authorize?client_id=89cf50f02ac6aaed3484&state=292166892&redirect_uri=http%3A%2F%2Flocalhost%3A9005&scope=read%3Auser%20repo%20public_repo
[info] 
[info] Waiting for authentication...
[debug] [2025-11-18T21:16:45.654Z] >>> [apiv2][query] POST https://github.com/login/oauth/access_token [none]
[debug] [2025-11-18T21:16:45.654Z] >>> [apiv2][body] POST https://github.com/login/oauth/access_token [stream]
[debug] [2025-11-18T21:16:45.935Z] <<< [apiv2][status] POST https://github.com/login/oauth/access_token 200
[debug] [2025-11-18T21:16:45.936Z] <<< [apiv2][body] POST https://github.com/login/oauth/access_token {"access_token":"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","token_type":"bearer","scope":"read:user,repo"}
[debug] [2025-11-18T21:16:45.944Z] >>> [apiv2][query] GET https://api.github.com/user [none]
[debug] [2025-11-18T21:16:46.205Z] <<< [apiv2][status] GET https://api.github.com/user 200
[debug] [2025-11-18T21:16:46.205Z] <<< [apiv2][body] GET https://api.github.com/user {"login":"Furlanets","id":110982801,"node_id":"U_kgDOBp12kQ","avatar_url":"https://avatars.githubusercontent.com/u/110982801?v=4","gravatar_id":"","url":"https://api.github.com/users/Furlanets","html_url":"https://github.com/Furlanets","followers_url":"https://api.github.com/users/Furlanets/followers","following_url":"https://api.github.com/users/Furlanets/following{/other_user}","gists_url":"https://api.github.com/users/Furlanets/gists{/gist_id}","starred_url":"https://api.github.com/users/Furlanets/starred{/owner}{/repo}","subscriptions_url":"https://api.github.com/users/Furlanets/subscriptions","organizations_url":"https://api.github.com/users/Furlanets/orgs","repos_url":"https://api.github.com/users/Furlanets/repos","events_url":"https://api.github.com/users/Furlanets/events{/privacy}","received_events_url":"https://api.github.com/users/Furlanets/received_events","type":"User","user_view_type":"private","site_admin":false,"name":"Fernando Furlanetto Cardoso","company":null,"blog":"","location":"Brazil","email":null,"hireable":null,"bio":"I'm very familiar with C++, Python, Javascript and HTML. \r\nWorking hard to learn new languages","twitter_username":null,"notification_email":null,"public_repos":12,"public_gists":0,"followers":10,"following":15,"created_at":"2022-08-10T12:12:09Z","updated_at":"2025-11-07T14:07:12Z","private_gists":0,"total_private_repos":12,"owned_private_repos":12,"disk_usage":172681,"collaborators":7,"two_factor_authentication":true,"plan":{"name":"pro","space":976562499,"collaborators":0,"private_repos":9999}}
[info] 
[info] +  Success! Logged into GitHub as Furlanets 
[info] 
